<?xml version="1.0" encoding="UTF-8"?>
<testng-results skipped="0" failed="1" ignored="0" total="3" passed="2">
  <reporter-output>
  </reporter-output>
  <suite name="Sample test Suite" duration-ms="259466" started-at="2019-11-20T10:56:47Z" finished-at="2019-11-20T11:01:07Z">
    <groups>
    </groups>
    <test name="Sample test" duration-ms="259466" started-at="2019-11-20T10:56:47Z" finished-at="2019-11-20T11:01:07Z">
      <class name="com.training.sanity.tests.RealestateRegisterTests">
        <test-method status="PASS" signature="setUpBeforeClass()[pri:0, instance:com.training.sanity.tests.RealestateRegisterTests@8bd1b6a]" name="setUpBeforeClass" is-config="true" duration-ms="33" started-at="2019-11-20T16:26:47Z" finished-at="2019-11-20T16:26:47Z">
          <reporter-output>
          </reporter-output>
        </test-method> <!-- setUpBeforeClass -->
        <test-method status="PASS" signature="setUp()[pri:0, instance:com.training.sanity.tests.RealestateRegisterTests@8bd1b6a]" name="setUp" is-config="true" duration-ms="88628" started-at="2019-11-20T16:26:47Z" finished-at="2019-11-20T16:28:16Z">
          <reporter-output>
          </reporter-output>
        </test-method> <!-- setUp -->
        <test-method status="PASS" signature="RETC_001()[pri:1, instance:com.training.sanity.tests.RealestateRegisterTests@8bd1b6a]" name="RETC_001" duration-ms="36106" started-at="2019-11-20T16:28:16Z" finished-at="2019-11-20T16:28:52Z">
          <reporter-output>
          </reporter-output>
        </test-method> <!-- RETC_001 -->
        <test-method status="PASS" signature="tearDown()[pri:0, instance:com.training.sanity.tests.RealestateRegisterTests@8bd1b6a]" name="tearDown" is-config="true" duration-ms="1592" started-at="2019-11-20T16:28:52Z" finished-at="2019-11-20T16:28:54Z">
          <reporter-output>
          </reporter-output>
        </test-method> <!-- tearDown -->
        <test-method status="PASS" signature="setUp()[pri:0, instance:com.training.sanity.tests.RealestateRegisterTests@8bd1b6a]" name="setUp" is-config="true" duration-ms="53443" started-at="2019-11-20T16:28:54Z" finished-at="2019-11-20T16:29:47Z">
          <reporter-output>
          </reporter-output>
        </test-method> <!-- setUp -->
        <test-method status="PASS" signature="RETC_002()[pri:2, instance:com.training.sanity.tests.RealestateRegisterTests@8bd1b6a]" name="RETC_002" duration-ms="7275" started-at="2019-11-20T16:29:47Z" finished-at="2019-11-20T16:29:54Z">
          <reporter-output>
          </reporter-output>
        </test-method> <!-- RETC_002 -->
        <test-method status="PASS" signature="tearDown()[pri:0, instance:com.training.sanity.tests.RealestateRegisterTests@8bd1b6a]" name="tearDown" is-config="true" duration-ms="1752" started-at="2019-11-20T16:29:54Z" finished-at="2019-11-20T16:29:56Z">
          <reporter-output>
          </reporter-output>
        </test-method> <!-- tearDown -->
        <test-method status="PASS" signature="setUp()[pri:0, instance:com.training.sanity.tests.RealestateRegisterTests@8bd1b6a]" name="setUp" is-config="true" duration-ms="56053" started-at="2019-11-20T16:29:56Z" finished-at="2019-11-20T16:30:52Z">
          <reporter-output>
          </reporter-output>
        </test-method> <!-- setUp -->
        <test-method status="FAIL" signature="RECT_003()[pri:3, instance:com.training.sanity.tests.RealestateRegisterTests@8bd1b6a]" name="RECT_003" duration-ms="12778" started-at="2019-11-20T16:30:52Z" finished-at="2019-11-20T16:31:05Z">
          <exception class="java.lang.NullPointerException">
            <full-stacktrace>
              <![CDATA[java.lang.NullPointerException
	at com.training.sanity.tests.RealestateRegisterTests.RECT_003(RealestateRegisterTests.java:123)
	at sun.reflect.NativeMethodAccessorImpl.invoke0(Native Method)
	at sun.reflect.NativeMethodAccessorImpl.invoke(Unknown Source)
	at sun.reflect.DelegatingMethodAccessorImpl.invoke(Unknown Source)
	at java.lang.reflect.Method.invoke(Unknown Source)
	at org.testng.internal.MethodInvocationHelper.invokeMethod(MethodInvocationHelper.java:108)
	at org.testng.internal.Invoker.invokeMethod(Invoker.java:661)
	at org.testng.internal.Invoker.invokeTestMethod(Invoker.java:869)
	at org.testng.internal.Invoker.invokeTestMethods(Invoker.java:1193)
	at org.testng.internal.TestMethodWorker.invokeTestMethods(TestMethodWorker.java:126)
	at org.testng.internal.TestMethodWorker.run(TestMethodWorker.java:109)
	at org.testng.TestRunner.privateRun(TestRunner.java:744)
	at org.testng.TestRunner.run(TestRunner.java:602)
	at org.testng.SuiteRunner.runTest(SuiteRunner.java:380)
	at org.testng.SuiteRunner.runSequentially(SuiteRunner.java:375)
	at org.testng.SuiteRunner.privateRun(SuiteRunner.java:340)
	at org.testng.SuiteRunner.run(SuiteRunner.java:289)
	at org.testng.SuiteRunnerWorker.runSuite(SuiteRunnerWorker.java:52)
	at org.testng.SuiteRunnerWorker.run(SuiteRunnerWorker.java:86)
	at org.testng.TestNG.runSuitesSequentially(TestNG.java:1301)
	at org.testng.TestNG.runSuitesLocally(TestNG.java:1226)
	at org.testng.TestNG.runSuites(TestNG.java:1144)
	at org.testng.TestNG.run(TestNG.java:1115)
	at org.testng.remote.AbstractRemoteTestNG.run(AbstractRemoteTestNG.java:115)
	at org.testng.remote.RemoteTestNG.initAndRun(RemoteTestNG.java:251)
	at org.testng.remote.RemoteTestNG.main(RemoteTestNG.java:77)
]]>
            </full-stacktrace>
          </exception> <!-- java.lang.NullPointerException -->
          <reporter-output>
          </reporter-output>
        </test-method> <!-- RECT_003 -->
        <test-method status="PASS" signature="tearDown()[pri:0, instance:com.training.sanity.tests.RealestateRegisterTests@8bd1b6a]" name="tearDown" is-config="true" duration-ms="1735" started-at="2019-11-20T16:31:05Z" finished-at="2019-11-20T16:31:07Z">
          <reporter-output>
          </reporter-output>
        </test-method> <!-- tearDown -->
      </class> <!-- com.training.sanity.tests.RealestateRegisterTests -->
    </test> <!-- Sample test -->
  </suite> <!-- Sample test Suite -->
</testng-results>
