<?xml version="1.0" encoding="UTF-8"?>
<!-- Generated by org.testng.reporters.JUnitXMLReporter -->
<testsuite hostname="DESKTOP-LC06BTB" ignored="2" name="Default test" tests="1" failures="0" timestamp="25 Nov 2019 08:26:53 GMT" time="39.622" errors="0">
  <testcase name="RETC_031" time="14.045" classname="com.training.sanity.tests.RealestateMediumTests"/>
  <testcase name="RECT_033" time="0.0" classname="com.training.sanity.tests.RealestateMediumTests">
    <ignored/>
  </testcase> <!-- RECT_033 -->
  <testcase name="RETC_032" time="0.0" classname="com.training.sanity.tests.RealestateMediumTests">
    <ignored/>
  </testcase> <!-- RETC_032 -->
</testsuite> <!-- Default test -->
