<?xml version="1.0" encoding="UTF-8"?>
<!-- Generated by org.testng.reporters.JUnitXMLReporter -->
<testsuite hostname="DESKTOP-LC06BTB" ignored="2" name="Medium test" tests="1" failures="1" timestamp="25 Nov 2019 07:57:34 GMT" time="28.958" errors="0">
  <testcase name="RETC_031" time="5.762" classname="com.training.sanity.tests.RealestateMediumTests">
    <failure type="java.lang.IllegalArgumentException" message="Key Down / Up events only make sense for modifier keys.">
      <![CDATA[java.lang.IllegalArgumentException: Key Down / Up events only make sense for modifier keys.
	at org.openqa.selenium.interactions.internal.SingleKeyAction.<init>(SingleKeyAction.java:47)
	at org.openqa.selenium.interactions.internal.SingleKeyAction.<init>(SingleKeyAction.java:35)
	at org.openqa.selenium.interactions.KeyDownAction.<init>(KeyDownAction.java:41)
	at org.openqa.selenium.interactions.Actions.keyDown(Actions.java:118)
	at com.training.pom.NewPropertiesPOM.sendtitle(NewPropertiesPOM.java:84)
	at com.training.sanity.tests.RealestateMediumTests.RETC_031(RealestateMediumTests.java:77)
... Removed 25 stack frames]]>
    </failure>
  </testcase> <!-- RETC_031 -->
  <testcase name="RECT_033" time="0.0" classname="com.training.sanity.tests.RealestateMediumTests">
    <ignored/>
  </testcase> <!-- RECT_033 -->
  <testcase name="RETC_032" time="0.0" classname="com.training.sanity.tests.RealestateMediumTests">
    <ignored/>
  </testcase> <!-- RETC_032 -->
</testsuite> <!-- Medium test -->
