<?xml version="1.0" encoding="UTF-8"?>
<!-- Generated by org.testng.reporters.JUnitXMLReporter -->
<testsuite hostname="DESKTOP-LC06BTB" ignored="0" name="Sample test" tests="3" failures="1" timestamp="20 Nov 2019 11:01:07 GMT" time="259.466" errors="0">
  <testcase name="RETC_001" time="36.106" classname="com.training.sanity.tests.RealestateRegisterTests"/>
  <testcase name="RETC_002" time="7.275" classname="com.training.sanity.tests.RealestateRegisterTests"/>
  <testcase name="RECT_003" time="12.778" classname="com.training.sanity.tests.RealestateRegisterTests">
    <failure type="java.lang.NullPointerException">
      <![CDATA[java.lang.NullPointerException
	at com.training.sanity.tests.RealestateRegisterTests.RECT_003(RealestateRegisterTests.java:123)
... Removed 25 stack frames]]>
    </failure>
  </testcase> <!-- RECT_003 -->
</testsuite> <!-- Sample test -->
